<?xml version="1.0" encoding="UTF-8"?>
<!-- Generated by org.testng.reporters.JUnitReportReporter -->
<testsuite hostname="WIN-N0QVKIP8TVK" failures="0" tests="1" name="com.ebay.tests.verifyLoginAddtoCartCheckoutFlow" time="45.547" errors="0" timestamp="09 Aug 2019 05:25:51 GMT" skipped="0">
  <testcase classname="com.ebay.tests.verifyLoginAddtoCartCheckoutFlow" name="verifyLogin_CheckoutFlow" time="45.547"/>
</testsuite> <!-- com.ebay.tests.verifyLoginAddtoCartCheckoutFlow -->
