<?xml version="1.0" encoding="UTF-8"?>
<!-- Generated by org.testng.reporters.JUnitReportReporter -->
<testsuite hostname="WIN-N0QVKIP8TVK" failures="0" tests="1" name="com.ebay.tests.VerifyLogin_Search_Checkout_Tests" time="48.514" errors="0" timestamp="09 Aug 2019 06:43:45 GMT" skipped="0">
  <testcase classname="com.ebay.tests.VerifyLogin_Search_Checkout_Tests" name="verifyCheckout" time="48.514"/>
</testsuite> <!-- com.ebay.tests.VerifyLogin_Search_Checkout_Tests -->
